<?xml version="1.0" encoding="UTF-8"?>
<!-- Generated by org.testng.reporters.JUnitReportReporter -->
<testsuite skipped="7" hostname="PPHATANK-LAP" name="testNG_OBDX.WMS_Redeem_1" tests="8" failures="0" timestamp="2020-09-10T10:58:58 IST" time="2.653" errors="1">
  <testcase name="WMSRedeemBySWP" time="0.000" classname="testNG_OBDX.WMS_Redeem_1">
    <skipped/>
  </testcase> <!-- WMSRedeemBySWP -->
  <system-out/>
  <testcase name="WMSRedeemByUnits" time="0.000" classname="testNG_OBDX.WMS_Redeem_1">
    <skipped/>
  </testcase> <!-- WMSRedeemByUnits -->
  <system-out/>
  <testcase name="setup" time="2.653" classname="testNG_OBDX.WMS_Redeem_1">
    <error type="org.openqa.selenium.SessionNotCreatedException" message="session not created: This version of ChromeDriver only supports Chrome version 83
Build info: version: &#039;3.141.59&#039;, revision: &#039;e82be7d358&#039;, time: &#039;2018-11-14T08:25:48&#039;
System info: host: &#039;PPHATANK-LAP&#039;, ip: &#039;10.191.193.35&#039;, os.name: &#039;Windows 10&#039;, os.arch: &#039;amd64&#039;, os.version: &#039;10.0&#039;, java.version: &#039;1.8.0_241&#039;
Driver info: driver.version: ChromeDriver
remote stacktrace: Backtrace:
	Ordinal0 [0x009A9443+2724931]
	Ordinal0 [0x008A8421+1672225]
	Ordinal0 [0x00790339+525113]
	Ordinal0 [0x00720B77+68471]
	Ordinal0 [0x0071D32C+54060]
	Ordinal0 [0x0073CC37+183351]
	Ordinal0 [0x0073CA3D+182845]
	Ordinal0 [0x0073A94B+174411]
	Ordinal0 [0x00722528+75048]
	Ordinal0 [0x007235A0+79264]
	Ordinal0 [0x00723539+79161]
	Ordinal0 [0x008BD4D7+1758423]
	GetHandleVerifier [0x00AC5D96+1050070]
	GetHandleVerifier [0x00AC5AE1+1049377]
	GetHandleVerifier [0x00AD0927+1093991]
	GetHandleVerifier [0x00AC6396+1051606]
	Ordinal0 [0x008B59D6+1726934]
	Ordinal0 [0x008BEA4B+1763915]
	Ordinal0 [0x008BEBB3+1764275]
	Ordinal0 [0x008D4AD5+1854165]
	BaseThreadInitThunk [0x757C6359+25]
	RtlGetAppContainerNamedObjectPath [0x77E27C24+228]
	RtlGetAppContainerNamedObjectPath [0x77E27BF4+180]
">
      <![CDATA[org.openqa.selenium.SessionNotCreatedException: session not created: This version of ChromeDriver only supports Chrome version 83
Build info: version: '3.141.59', revision: 'e82be7d358', time: '2018-11-14T08:25:48'
System info: host: 'PPHATANK-LAP', ip: '10.191.193.35', os.name: 'Windows 10', os.arch: 'amd64', os.version: '10.0', java.version: '1.8.0_241'
Driver info: driver.version: ChromeDriver
remote stacktrace: Backtrace:
Ordinal0 [0x009A9443+2724931]
Ordinal0 [0x008A8421+1672225]
Ordinal0 [0x00790339+525113]
Ordinal0 [0x00720B77+68471]
Ordinal0 [0x0071D32C+54060]
Ordinal0 [0x0073CC37+183351]
Ordinal0 [0x0073CA3D+182845]
Ordinal0 [0x0073A94B+174411]
Ordinal0 [0x00722528+75048]
Ordinal0 [0x007235A0+79264]
Ordinal0 [0x00723539+79161]
Ordinal0 [0x008BD4D7+1758423]
GetHandleVerifier [0x00AC5D96+1050070]
GetHandleVerifier [0x00AC5AE1+1049377]
GetHandleVerifier [0x00AD0927+1093991]
GetHandleVerifier [0x00AC6396+1051606]
Ordinal0 [0x008B59D6+1726934]
Ordinal0 [0x008BEA4B+1763915]
Ordinal0 [0x008BEBB3+1764275]
Ordinal0 [0x008D4AD5+1854165]
BaseThreadInitThunk [0x757C6359+25]
RtlGetAppContainerNamedObjectPath [0x77E27C24+228]
RtlGetAppContainerNamedObjectPath [0x77E27BF4+180]

at sun.reflect.NativeConstructorAccessorImpl.newInstance0(Native Method)
at sun.reflect.NativeConstructorAccessorImpl.newInstance(Unknown Source)
at sun.reflect.DelegatingConstructorAccessorImpl.newInstance(Unknown Source)
at java.lang.reflect.Constructor.newInstance(Unknown Source)
at org.openqa.selenium.remote.W3CHandshakeResponse.lambda$errorHandler$0(W3CHandshakeResponse.java:62)
at org.openqa.selenium.remote.HandshakeResponse.lambda$getResponseFunction$0(HandshakeResponse.java:30)
at org.openqa.selenium.remote.ProtocolHandshake.lambda$createSession$0(ProtocolHandshake.java:126)
at java.util.stream.ReferencePipeline$3$1.accept(Unknown Source)
at java.util.Spliterators$ArraySpliterator.tryAdvance(Unknown Source)
at java.util.stream.ReferencePipeline.forEachWithCancel(Unknown Source)
at java.util.stream.AbstractPipeline.copyIntoWithCancel(Unknown Source)
at java.util.stream.AbstractPipeline.copyInto(Unknown Source)
at java.util.stream.AbstractPipeline.wrapAndCopyInto(Unknown Source)
at java.util.stream.FindOps$FindOp.evaluateSequential(Unknown Source)
at java.util.stream.AbstractPipeline.evaluate(Unknown Source)
at java.util.stream.ReferencePipeline.findFirst(Unknown Source)
at org.openqa.selenium.remote.ProtocolHandshake.createSession(ProtocolHandshake.java:128)
at org.openqa.selenium.remote.ProtocolHandshake.createSession(ProtocolHandshake.java:74)
at org.openqa.selenium.remote.HttpCommandExecutor.execute(HttpCommandExecutor.java:136)
at org.openqa.selenium.remote.service.DriverCommandExecutor.execute(DriverCommandExecutor.java:83)
at org.openqa.selenium.remote.RemoteWebDriver.execute(RemoteWebDriver.java:552)
at org.openqa.selenium.remote.RemoteWebDriver.startSession(RemoteWebDriver.java:213)
at org.openqa.selenium.remote.RemoteWebDriver.<init>(RemoteWebDriver.java:131)
at org.openqa.selenium.chrome.ChromeDriver.<init>(ChromeDriver.java:181)
at org.openqa.selenium.chrome.ChromeDriver.<init>(ChromeDriver.java:168)
at org.openqa.selenium.chrome.ChromeDriver.<init>(ChromeDriver.java:123)
at testNG_OBDX.WMS_Redeem_1.setup(WMS_Redeem_1.java:41)
at sun.reflect.NativeMethodAccessorImpl.invoke0(Native Method)
at sun.reflect.NativeMethodAccessorImpl.invoke(Unknown Source)
at sun.reflect.DelegatingMethodAccessorImpl.invoke(Unknown Source)
at java.lang.reflect.Method.invoke(Unknown Source)
at org.testng.internal.MethodInvocationHelper.invokeMethod(MethodInvocationHelper.java:135)
at org.testng.internal.MethodInvocationHelper.invokeMethodConsideringTimeout(MethodInvocationHelper.java:64)
at org.testng.internal.ConfigInvoker.invokeConfigurationMethod(ConfigInvoker.java:364)
at org.testng.internal.ConfigInvoker.invokeConfigurations(ConfigInvoker.java:318)
at org.testng.internal.TestInvoker.runConfigMethods(TestInvoker.java:700)
at org.testng.internal.TestInvoker.invokeMethod(TestInvoker.java:527)
at org.testng.internal.TestInvoker.invokeTestMethod(TestInvoker.java:174)
at org.testng.internal.MethodRunner.runInSequence(MethodRunner.java:46)
at org.testng.internal.TestInvoker$MethodInvocationAgent.invoke(TestInvoker.java:821)
at org.testng.internal.TestInvoker.invokeTestMethods(TestInvoker.java:147)
at org.testng.internal.TestMethodWorker.invokeTestMethods(TestMethodWorker.java:146)
at org.testng.internal.TestMethodWorker.run(TestMethodWorker.java:128)
at java.util.ArrayList.forEach(Unknown Source)
at org.testng.TestRunner.privateRun(TestRunner.java:767)
at org.testng.TestRunner.run(TestRunner.java:588)
at org.testng.SuiteRunner.runTest(SuiteRunner.java:384)
at org.testng.SuiteRunner.runSequentially(SuiteRunner.java:378)
at org.testng.SuiteRunner.privateRun(SuiteRunner.java:337)
at org.testng.SuiteRunner.run(SuiteRunner.java:286)
at org.testng.SuiteRunnerWorker.runSuite(SuiteRunnerWorker.java:53)
at org.testng.SuiteRunnerWorker.run(SuiteRunnerWorker.java:96)
at org.testng.TestNG.runSuitesSequentially(TestNG.java:1214)
at org.testng.TestNG.runSuitesLocally(TestNG.java:1136)
at org.testng.TestNG.runSuites(TestNG.java:1066)
at org.testng.TestNG.run(TestNG.java:1034)
at org.testng.remote.AbstractRemoteTestNG.run(AbstractRemoteTestNG.java:115)
at org.testng.remote.RemoteTestNG.initAndRun(RemoteTestNG.java:251)
at org.testng.remote.RemoteTestNG.main(RemoteTestNG.java:77)
]]>
    </error>
  </testcase> <!-- setup -->
  <system-out/>
  <testcase name="WMSRedeemByAmount" time="0.000" classname="testNG_OBDX.WMS_Redeem_1">
    <skipped/>
  </testcase> <!-- WMSRedeemByAmount -->
  <system-out/>
  <testcase name="WMSRedeemByAll" time="0.000" classname="testNG_OBDX.WMS_Redeem_1">
    <skipped/>
  </testcase> <!-- WMSRedeemByAll -->
  <system-out/>
  <testcase name="Onetime_Switch" time="0.000" classname="testNG_OBDX.WMS_Redeem_1">
    <skipped/>
  </testcase> <!-- Onetime_Switch -->
  <system-out/>
  <testcase name="Recurring_Switch_STP" time="0.000" classname="testNG_OBDX.WMS_Redeem_1">
    <skipped/>
  </testcase> <!-- Recurring_Switch_STP -->
  <system-out/>
  <testcase name="Onetime_Purchase" time="0.000" classname="testNG_OBDX.WMS_Redeem_1">
    <skipped/>
  </testcase> <!-- Onetime_Purchase -->
  <system-out/>
</testsuite> <!-- testNG_OBDX.WMS_Redeem_1 -->
