<?xml version="1.0" encoding="UTF-8"?>
<!-- Generated by org.testng.reporters.JUnitXMLReporter -->
<testsuite hostname="PPHATANK-LAP" ignored="0" name="E2EFlow of OBDX Test Cases" tests="7" failures="0" timestamp="2020-09-10T10:58:58 IST" time="2.793" errors="0">
  <testcase name="@BeforeMethod setup" time="2.653" classname="testNG_OBDX.WMS_Redeem_1">
    <failure type="org.openqa.selenium.SessionNotCreatedException" message="session not created: This version of ChromeDriver only supports Chrome version 83
Build info: version: &amp;apos;3.141.59&amp;apos;, revision: &amp;apos;e82be7d358&amp;apos;, time: &amp;apos;2018-11-14T08:25:48&amp;apos;
System info: host: &amp;apos;PPHATANK-LAP&amp;apos;, ip: &amp;apos;10.191.193.35&amp;apos;, os.name: &amp;apos;Windows 10&amp;apos;, os.arch: &amp;apos;amd64&amp;apos;, os.version: &amp;apos;10.0&amp;apos;, java.version: &amp;apos;1.8.0_241&amp;apos;
Driver info: driver.version: ChromeDriver
remote stacktrace: Backtrace:
	Ordinal0 [0x009A9443+2724931]
	Ordinal0 [0x008A8421+1672225]
	Ordinal0 [0x00790339+525113]
	Ordinal0 [0x00720B77+68471]
	Ordinal0 [0x0071D32C+54060]
	Ordinal0 [0x0073CC37+183351]
	Ordinal0 [0x0073CA3D+182845]
	Ordinal0 [0x0073A94B+174411]
	Ordinal0 [0x00722528+75048]
	Ordinal0 [0x007235A0+79264]
	Ordinal0 [0x00723539+79161]
	Ordinal0 [0x008BD4D7+1758423]
	GetHandleVerifier [0x00AC5D96+1050070]
	GetHandleVerifier [0x00AC5AE1+1049377]
	GetHandleVerifier [0x00AD0927+1093991]
	GetHandleVerifier [0x00AC6396+1051606]
	Ordinal0 [0x008B59D6+1726934]
	Ordinal0 [0x008BEA4B+1763915]
	Ordinal0 [0x008BEBB3+1764275]
	Ordinal0 [0x008D4AD5+1854165]
	BaseThreadInitThunk [0x757C6359+25]
	RtlGetAppContainerNamedObjectPath [0x77E27C24+228]
	RtlGetAppContainerNamedObjectPath [0x77E27BF4+180]
">
      <![CDATA[org.openqa.selenium.SessionNotCreatedException: session not created: This version of ChromeDriver only supports Chrome version 83
Build info: version: '3.141.59', revision: 'e82be7d358', time: '2018-11-14T08:25:48'
System info: host: 'PPHATANK-LAP', ip: '10.191.193.35', os.name: 'Windows 10', os.arch: 'amd64', os.version: '10.0', java.version: '1.8.0_241'
Driver info: driver.version: ChromeDriver
remote stacktrace: Backtrace:
Ordinal0 [0x009A9443+2724931]
Ordinal0 [0x008A8421+1672225]
Ordinal0 [0x00790339+525113]
Ordinal0 [0x00720B77+68471]
Ordinal0 [0x0071D32C+54060]
Ordinal0 [0x0073CC37+183351]
Ordinal0 [0x0073CA3D+182845]
Ordinal0 [0x0073A94B+174411]
Ordinal0 [0x00722528+75048]
Ordinal0 [0x007235A0+79264]
Ordinal0 [0x00723539+79161]
Ordinal0 [0x008BD4D7+1758423]
GetHandleVerifier [0x00AC5D96+1050070]
GetHandleVerifier [0x00AC5AE1+1049377]
GetHandleVerifier [0x00AD0927+1093991]
GetHandleVerifier [0x00AC6396+1051606]
Ordinal0 [0x008B59D6+1726934]
Ordinal0 [0x008BEA4B+1763915]
Ordinal0 [0x008BEBB3+1764275]
Ordinal0 [0x008D4AD5+1854165]
BaseThreadInitThunk [0x757C6359+25]
RtlGetAppContainerNamedObjectPath [0x77E27C24+228]
RtlGetAppContainerNamedObjectPath [0x77E27BF4+180]

at org.openqa.selenium.remote.W3CHandshakeResponse.lambda$errorHandler$0(W3CHandshakeResponse.java:62)
at org.openqa.selenium.remote.HandshakeResponse.lambda$getResponseFunction$0(HandshakeResponse.java:30)
at org.openqa.selenium.remote.ProtocolHandshake.lambda$createSession$0(ProtocolHandshake.java:126)
at java.util.stream.ReferencePipeline$3$1.accept(Unknown Source)
at java.util.Spliterators$ArraySpliterator.tryAdvance(Unknown Source)
at java.util.stream.ReferencePipeline.forEachWithCancel(Unknown Source)
at java.util.stream.AbstractPipeline.copyIntoWithCancel(Unknown Source)
at java.util.stream.AbstractPipeline.copyInto(Unknown Source)
at java.util.stream.AbstractPipeline.wrapAndCopyInto(Unknown Source)
at java.util.stream.FindOps$FindOp.evaluateSequential(Unknown Source)
at java.util.stream.AbstractPipeline.evaluate(Unknown Source)
at java.util.stream.ReferencePipeline.findFirst(Unknown Source)
at org.openqa.selenium.remote.ProtocolHandshake.createSession(ProtocolHandshake.java:128)
at org.openqa.selenium.remote.ProtocolHandshake.createSession(ProtocolHandshake.java:74)
at org.openqa.selenium.remote.HttpCommandExecutor.execute(HttpCommandExecutor.java:136)
at org.openqa.selenium.remote.service.DriverCommandExecutor.execute(DriverCommandExecutor.java:83)
at org.openqa.selenium.remote.RemoteWebDriver.execute(RemoteWebDriver.java:552)
at org.openqa.selenium.remote.RemoteWebDriver.startSession(RemoteWebDriver.java:213)
at org.openqa.selenium.remote.RemoteWebDriver.<init>(RemoteWebDriver.java:131)
at org.openqa.selenium.chrome.ChromeDriver.<init>(ChromeDriver.java:181)
at org.openqa.selenium.chrome.ChromeDriver.<init>(ChromeDriver.java:168)
at org.openqa.selenium.chrome.ChromeDriver.<init>(ChromeDriver.java:123)
at testNG_OBDX.WMS_Redeem_1.setup(WMS_Redeem_1.java:41)
at java.util.ArrayList.forEach(Unknown Source)
... Removed 35 stack frames]]>
    </failure>
  </testcase> <!-- @BeforeMethod setup -->
  <testcase name="@BeforeMethod setup" time="-1.599715738567E9" classname="testNG_OBDX.WMS_Redeem_1">
    <skipped/>
  </testcase> <!-- @BeforeMethod setup -->
  <testcase name="@BeforeMethod setup" time="-1.599715738583E9" classname="testNG_OBDX.WMS_Redeem_1">
    <skipped/>
  </testcase> <!-- @BeforeMethod setup -->
  <testcase name="@BeforeMethod setup" time="-1.599715738583E9" classname="testNG_OBDX.WMS_Redeem_1">
    <skipped/>
  </testcase> <!-- @BeforeMethod setup -->
  <testcase name="@BeforeMethod setup" time="-1.599715738583E9" classname="testNG_OBDX.WMS_Redeem_1">
    <skipped/>
  </testcase> <!-- @BeforeMethod setup -->
  <testcase name="@BeforeMethod setup" time="-1.599715738598E9" classname="testNG_OBDX.WMS_Redeem_1">
    <skipped/>
  </testcase> <!-- @BeforeMethod setup -->
  <testcase name="@BeforeMethod setup" time="-1.599715738614E9" classname="testNG_OBDX.WMS_Redeem_1">
    <skipped/>
  </testcase> <!-- @BeforeMethod setup -->
  <testcase name="Onetime_Purchase" time="0.0" classname="testNG_OBDX.WMS_Redeem_1">
    <skipped/>
  </testcase> <!-- Onetime_Purchase -->
  <testcase name="Onetime_Switch" time="0.0" classname="testNG_OBDX.WMS_Redeem_1">
    <skipped/>
  </testcase> <!-- Onetime_Switch -->
  <testcase name="Recurring_Switch_STP" time="0.0" classname="testNG_OBDX.WMS_Redeem_1">
    <skipped/>
  </testcase> <!-- Recurring_Switch_STP -->
  <testcase name="WMSRedeemByAll" time="0.0" classname="testNG_OBDX.WMS_Redeem_1">
    <skipped/>
  </testcase> <!-- WMSRedeemByAll -->
  <testcase name="WMSRedeemByAmount" time="0.0" classname="testNG_OBDX.WMS_Redeem_1">
    <skipped/>
  </testcase> <!-- WMSRedeemByAmount -->
  <testcase name="WMSRedeemBySWP" time="0.0" classname="testNG_OBDX.WMS_Redeem_1">
    <skipped/>
  </testcase> <!-- WMSRedeemBySWP -->
  <testcase name="WMSRedeemByUnits" time="0.0" classname="testNG_OBDX.WMS_Redeem_1">
    <skipped/>
  </testcase> <!-- WMSRedeemByUnits -->
</testsuite> <!-- E2EFlow of OBDX Test Cases -->
