<?xml version="1.0" encoding="UTF-8"?>
<!-- Generated by org.testng.reporters.JUnitXMLReporter -->
<testsuite hostname="PPHATANK-LAP" ignored="4" name="Test" tests="11" failures="3" timestamp="2020-09-18T04:18:35 IST" time="0.217" errors="0">
  <testcase name="Login" time="0.011" classname="test.day3"/>
  <testcase name="MobLogout" time="0.008" classname="test.day3"/>
  <testcase name="Moblogin" time="0.0" classname="test.day3">
    <failure type="org.testng.TestNGException" message="
Parameter &amp;apos;URL&amp;apos; is required by @Test on method Moblogin but has not been marked @Optional or defined
in C:\Users\pphatank\eclipse-workspace\TestNGTutorial\Grouptestng.xml">
      <![CDATA[org.testng.TestNGException: 
Parameter 'URL' is required by @Test on method Moblogin but has not been marked @Optional or defined
in C:\Users\pphatank\eclipse-workspace\TestNGTutorial\Grouptestng.xml
at java.util.ArrayList.forEach(Unknown Source)
... Removed 26 stack frames]]>
    </failure>
  </testcase> <!-- Moblogin -->
  <testcase name="Weblogin" time="0.0" classname="test.day3">
    <failure type="org.testng.TestNGException" message="
Parameter &amp;apos;URL&amp;apos; is required by @Test on method Weblogin but has not been marked @Optional or defined
in C:\Users\pphatank\eclipse-workspace\TestNGTutorial\Grouptestng.xml">
      <![CDATA[org.testng.TestNGException: 
Parameter 'URL' is required by @Test on method Weblogin but has not been marked @Optional or defined
in C:\Users\pphatank\eclipse-workspace\TestNGTutorial\Grouptestng.xml
at java.util.ArrayList.forEach(Unknown Source)
... Removed 26 stack frames]]>
    </failure>
  </testcase> <!-- Weblogin -->
  <testcase name="yahoologin" time="0.073" classname="test.day3"/>
  <testcase name="yahoologout" time="0.003" classname="test.day3"/>
  <testcase name="LoginAPI" time="0.0" classname="test.day3">
    <skipped/>
  </testcase> <!-- LoginAPI -->
  <testcase name="LoginAPIhome" time="0.002" classname="test.day4"/>
  <testcase name="Mobloginhome" time="0.002" classname="test.day4"/>
  <testcase name="demo" time="0.0" classname="test.day1">
    <failure type="org.testng.TestNGException" message="
Parameter &amp;apos;URL&amp;apos; is required by @Test on method demo but has not been marked @Optional or defined
in C:\Users\pphatank\eclipse-workspace\TestNGTutorial\Grouptestng.xml">
      <![CDATA[org.testng.TestNGException: 
Parameter 'URL' is required by @Test on method demo but has not been marked @Optional or defined
in C:\Users\pphatank\eclipse-workspace\TestNGTutorial\Grouptestng.xml
at java.util.ArrayList.forEach(Unknown Source)
... Removed 26 stack frames]]>
    </failure>
  </testcase> <!-- demo -->
  <testcase name="secondtest" time="0.001" classname="test.day1"/>
  <testcase name="Ploan" time="0.0" classname="test.day2">
    <ignored/>
  </testcase> <!-- Ploan -->
  <testcase name="FBlogin" time="0.0" classname="test.day3">
    <ignored/>
  </testcase> <!-- FBlogin -->
  <testcase name="Webloginhome" time="0.0" classname="test.day4">
    <ignored/>
  </testcase> <!-- Webloginhome -->
  <testcase name="FBlogout" time="0.0" classname="test.day3">
    <ignored/>
  </testcase> <!-- FBlogout -->
</testsuite> <!-- Test -->
