<?xml version="1.0" encoding="UTF-8"?>
<!-- Generated by org.testng.reporters.JUnitXMLReporter -->
<testsuite hostname="PPHATANK-LAP" ignored="3" name="WMS" tests="3" failures="1" timestamp="2019-11-21T20:53:22 IST" time="368.119" errors="0">
  <testcase name="WMSOnetimePurchase" time="170.593" classname="testNG_OBDX.WMS_PURCHASE"/>
  <testcase name="WMSRecurringPurchaseSi" time="131.01" classname="testNG_OBDX.WMS_PURCHASE"/>
  <testcase name="WMSRecurringSwitchPstp" time="66.434" classname="testNG_OBDX.WMS_SWITCH">
    <failure type="org.openqa.selenium.NoSuchElementException" message="no such element: Unable to locate element: {&amp;quot;method&amp;quot;:&amp;quot;xpath&amp;quot;,&amp;quot;selector&amp;quot;:&amp;quot;//*[@id=&amp;quot;dashboard-tab-deposits&amp;quot;]&amp;quot;}
  (Session info: chrome=78.0.3904.97)
For documentation on this error, please visit: https://www.seleniumhq.org/exceptions/no_such_element.html
Build info: version: &amp;apos;3.141.59&amp;apos;, revision: &amp;apos;e82be7d358&amp;apos;, time: &amp;apos;2018-11-14T08:25:48&amp;apos;
System info: host: &amp;apos;PPHATANK-LAP&amp;apos;, ip: &amp;apos;10.9.231.23&amp;apos;, os.name: &amp;apos;Windows 10&amp;apos;, os.arch: &amp;apos;amd64&amp;apos;, os.version: &amp;apos;10.0&amp;apos;, java.version: &amp;apos;1.8.0_221&amp;apos;
Driver info: org.openqa.selenium.chrome.ChromeDriver
Capabilities {acceptInsecureCerts: false, browserName: chrome, browserVersion: 78.0.3904.97, chrome: {chromedriverVersion: 78.0.3904.70 (edb9c9f3de024..., userDataDir: C:\Users\pphatank\AppData\L...}, goog:chromeOptions: {debuggerAddress: localhost:52014}, javascriptEnabled: true, networkConnectionEnabled: false, pageLoadStrategy: normal, platform: XP, platformName: XP, proxy: Proxy(), setWindowRect: true, strictFileInteractability: false, timeouts: {implicit: 0, pageLoad: 300000, script: 30000}, unhandledPromptBehavior: dismiss and notify}
Session ID: 1122e173e1e9040eb1e07fbb19f6907c
*** Element info: {Using=xpath, value=//*[@id=&amp;quot;dashboard-tab-deposits&amp;quot;]}">
      <![CDATA[org.openqa.selenium.NoSuchElementException: no such element: Unable to locate element: {"method":"xpath","selector":"//*[@id="dashboard-tab-deposits"]"}
  (Session info: chrome=78.0.3904.97)
For documentation on this error, please visit: https://www.seleniumhq.org/exceptions/no_such_element.html
Build info: version: '3.141.59', revision: 'e82be7d358', time: '2018-11-14T08:25:48'
System info: host: 'PPHATANK-LAP', ip: '10.9.231.23', os.name: 'Windows 10', os.arch: 'amd64', os.version: '10.0', java.version: '1.8.0_221'
Driver info: org.openqa.selenium.chrome.ChromeDriver
Capabilities {acceptInsecureCerts: false, browserName: chrome, browserVersion: 78.0.3904.97, chrome: {chromedriverVersion: 78.0.3904.70 (edb9c9f3de024..., userDataDir: C:\Users\pphatank\AppData\L...}, goog:chromeOptions: {debuggerAddress: localhost:52014}, javascriptEnabled: true, networkConnectionEnabled: false, pageLoadStrategy: normal, platform: XP, platformName: XP, proxy: Proxy(), setWindowRect: true, strictFileInteractability: false, timeouts: {implicit: 0, pageLoad: 300000, script: 30000}, unhandledPromptBehavior: dismiss and notify}
Session ID: 1122e173e1e9040eb1e07fbb19f6907c
*** Element info: {Using=xpath, value=//*[@id="dashboard-tab-deposits"]}
at org.openqa.selenium.remote.http.W3CHttpResponseCodec.createException(W3CHttpResponseCodec.java:187)
at org.openqa.selenium.remote.http.W3CHttpResponseCodec.decode(W3CHttpResponseCodec.java:122)
at org.openqa.selenium.remote.http.W3CHttpResponseCodec.decode(W3CHttpResponseCodec.java:49)
at org.openqa.selenium.remote.HttpCommandExecutor.execute(HttpCommandExecutor.java:158)
at org.openqa.selenium.remote.service.DriverCommandExecutor.execute(DriverCommandExecutor.java:83)
at org.openqa.selenium.remote.RemoteWebDriver.execute(RemoteWebDriver.java:552)
at org.openqa.selenium.remote.RemoteWebDriver.findElement(RemoteWebDriver.java:323)
at org.openqa.selenium.remote.RemoteWebDriver.findElementByXPath(RemoteWebDriver.java:428)
at org.openqa.selenium.By$ByXPath.findElement(By.java:353)
at org.openqa.selenium.remote.RemoteWebDriver.findElement(RemoteWebDriver.java:315)
at testNG_OBDX.WMS_SWITCH.WMSRecurringSwitchPstp(WMS_SWITCH.java:365)
at java.util.ArrayList.forEach(Unknown Source)
... Removed 31 stack frames]]>
    </failure>
  </testcase> <!-- WMSRecurringSwitchPstp -->
  <testcase name="WMSRecurringPurchaseSip" time="0.0" classname="testNG_OBDX.WMS_PURCHASE">
    <ignored/>
  </testcase> <!-- WMSRecurringPurchaseSip -->
  <testcase name="WMSRecurringSwitchStp" time="0.0" classname="testNG_OBDX.WMS_SWITCH">
    <ignored/>
  </testcase> <!-- WMSRecurringSwitchStp -->
  <testcase name="WMSOnetimeSwitch" time="0.0" classname="testNG_OBDX.WMS_SWITCH">
    <ignored/>
  </testcase> <!-- WMSOnetimeSwitch -->
</testsuite> <!-- WMS -->
